<?xml version="1.0" encoding="UTF-8" ?>
<testsuite tests="5" failures="0" name="TestSuite" time="0.747" errors="0" skipped="0">
  <properties>
    <property name="java.runtime.name" value="Java(TM) SE Runtime Environment"/>
    <property name="sun.boot.library.path" value="C:\Program Files\Java\jdk1.8.0_161\jre\bin"/>
    <property name="java.vm.version" value="25.161-b12"/>
    <property name="java.vm.vendor" value="Oracle Corporation"/>
    <property name="java.vendor.url" value="http://java.oracle.com/"/>
    <property name="path.separator" value=";"/>
    <property name="java.vm.name" value="Java HotSpot(TM) 64-Bit Server VM"/>
    <property name="file.encoding.pkg" value="sun.io"/>
    <property name="user.script" value=""/>
    <property name="user.country" value="CN"/>
    <property name="sun.java.launcher" value="SUN_STANDARD"/>
    <property name="sun.os.patch.level" value=""/>
    <property name="java.vm.specification.name" value="Java Virtual Machine Specification"/>
    <property name="user.dir" value="D:\T0502"/>
    <property name="java.runtime.version" value="1.8.0_161-b12"/>
    <property name="java.awt.graphicsenv" value="sun.awt.Win32GraphicsEnvironment"/>
    <property name="basedir" value="D:\T0502"/>
    <property name="java.endorsed.dirs" value="C:\Program Files\Java\jdk1.8.0_161\jre\lib\endorsed"/>
    <property name="os.arch" value="amd64"/>
    <property name="surefire.real.class.path" value="C:\Users\suas\AppData\Local\Temp\surefirebooter8701589812007539089.jar"/>
    <property name="java.io.tmpdir" value="C:\Users\suas\AppData\Local\Temp\"/>
    <property name="line.separator" value="
"/>
    <property name="java.vm.specification.vendor" value="Oracle Corporation"/>
    <property name="user.variant" value=""/>
    <property name="os.name" value="Windows 10"/>
    <property name="sun.jnu.encoding" value="GBK"/>
    <property name="java.library.path" value="C:\Program Files\Java\jdk1.8.0_161\jre\bin;C:\WINDOWS\Sun\Java\bin;C:\WINDOWS\system32;C:\WINDOWS;C:\Program Files (x86)\Common Files\NetSarang;C:\Program Files (x86)\HP\NV\lib\shunra\vcat;C:\ProgramData\Oracle\Java\javapath;C:\Program Files (x86)\Intel\iCLS Client\;C:\Program Files\Intel\iCLS Client\;C:\WINDOWS\system32;C:\WINDOWS;C:\WINDOWS\System32\Wbem;C:\WINDOWS\System32\WindowsPowerShell\v1.0\;C:\Program Files\Intel\Intel(R) Management Engine Components\DAL;C:\Program Files (x86)\Intel\Intel(R) Management Engine Components\DAL;C:\Program Files\Intel\Intel(R) Management Engine Components\IPT;C:\Program Files (x86)\Intel\Intel(R) Management Engine Components\IPT;C:\Program Files (x86)\ATI Technologies\ATI.ACE\Core-Static;C:\Program Files\Microsoft SQL Server\110\Tools\Binn\;C:\Program Files (x86)\Windows Kits\8.1\Windows Performance Toolkit\;C:\Program Files\MySQL\MySQL Utilities 1.6\;C:\Program Files (x86)\HP\NV\lib\thirdparty\safenet\LDK\7.0;C:\Program Files (x86)\HP\NV\lib\shunra\snv;C:\Program Files (x86)\HP\LoadRunner\strawberry-perl\perl\bin;C:\Program Files (x86)\Java\jdk1.8.0_31\bin;D:\maven-3.0.5\bin;C:\Users\suas\AppData\Local\Microsoft\WindowsApps;;C:\Users\suas\AppData\Local\Programs\Fiddler;D:\fiddler;."/>
    <property name="surefire.test.class.path" value="D:\T0502\target\test-classes;D:\T0502\target\classes;D:\selenium\userlib\org\seleniumhq\selenium\selenium-java\2.48.2\selenium-java-2.48.2.jar;D:\selenium\userlib\org\seleniumhq\selenium\selenium-chrome-driver\2.48.2\selenium-chrome-driver-2.48.2.jar;D:\selenium\userlib\org\seleniumhq\selenium\selenium-remote-driver\2.48.2\selenium-remote-driver-2.48.2.jar;D:\selenium\userlib\cglib\cglib-nodep\2.1_3\cglib-nodep-2.1_3.jar;D:\selenium\userlib\com\google\code\gson\gson\2.3.1\gson-2.3.1.jar;D:\selenium\userlib\org\seleniumhq\selenium\selenium-api\2.48.2\selenium-api-2.48.2.jar;D:\selenium\userlib\com\google\guava\guava\18.0\guava-18.0.jar;D:\selenium\userlib\org\seleniumhq\selenium\selenium-edge-driver\2.48.2\selenium-edge-driver-2.48.2.jar;D:\selenium\userlib\commons-io\commons-io\2.4\commons-io-2.4.jar;D:\selenium\userlib\org\apache\commons\commons-exec\1.3\commons-exec-1.3.jar;D:\selenium\userlib\org\seleniumhq\selenium\selenium-htmlunit-driver\2.48.2\selenium-htmlunit-driver-2.48.2.jar;D:\selenium\userlib\net\sourceforge\htmlunit\htmlunit\2.18\htmlunit-2.18.jar;D:\selenium\userlib\xalan\xalan\2.7.2\xalan-2.7.2.jar;D:\selenium\userlib\xalan\serializer\2.7.2\serializer-2.7.2.jar;D:\selenium\userlib\commons-collections\commons-collections\3.2.1\commons-collections-3.2.1.jar;D:\selenium\userlib\org\apache\commons\commons-lang3\3.4\commons-lang3-3.4.jar;D:\selenium\userlib\org\apache\httpcomponents\httpmime\4.5\httpmime-4.5.jar;D:\selenium\userlib\commons-codec\commons-codec\1.10\commons-codec-1.10.jar;D:\selenium\userlib\net\sourceforge\htmlunit\htmlunit-core-js\2.17\htmlunit-core-js-2.17.jar;D:\selenium\userlib\xerces\xercesImpl\2.11.0\xercesImpl-2.11.0.jar;D:\selenium\userlib\xml-apis\xml-apis\1.4.01\xml-apis-1.4.01.jar;D:\selenium\userlib\net\sourceforge\nekohtml\nekohtml\1.9.22\nekohtml-1.9.22.jar;D:\selenium\userlib\net\sourceforge\cssparser\cssparser\0.9.16\cssparser-0.9.16.jar;D:\selenium\userlib\org\w3c\css\sac\1.3\sac-1.3.jar;D:\selenium\userlib\commons-logging\commons-logging\1.2\commons-logging-1.2.jar;D:\selenium\userlib\org\eclipse\jetty\websocket\websocket-client\9.2.12.v20150709\websocket-client-9.2.12.v20150709.jar;D:\selenium\userlib\org\eclipse\jetty\jetty-util\9.2.12.v20150709\jetty-util-9.2.12.v20150709.jar;D:\selenium\userlib\org\eclipse\jetty\jetty-io\9.2.12.v20150709\jetty-io-9.2.12.v20150709.jar;D:\selenium\userlib\org\eclipse\jetty\websocket\websocket-common\9.2.12.v20150709\websocket-common-9.2.12.v20150709.jar;D:\selenium\userlib\org\eclipse\jetty\websocket\websocket-api\9.2.12.v20150709\websocket-api-9.2.12.v20150709.jar;D:\selenium\userlib\org\apache\httpcomponents\httpclient\4.5.1\httpclient-4.5.1.jar;D:\selenium\userlib\org\apache\httpcomponents\httpcore\4.4.3\httpcore-4.4.3.jar;D:\selenium\userlib\org\seleniumhq\selenium\selenium-firefox-driver\2.48.2\selenium-firefox-driver-2.48.2.jar;D:\selenium\userlib\org\seleniumhq\selenium\selenium-ie-driver\2.48.2\selenium-ie-driver-2.48.2.jar;D:\selenium\userlib\net\java\dev\jna\jna\4.1.0\jna-4.1.0.jar;D:\selenium\userlib\net\java\dev\jna\jna-platform\4.1.0\jna-platform-4.1.0.jar;D:\selenium\userlib\org\seleniumhq\selenium\selenium-safari-driver\2.48.2\selenium-safari-driver-2.48.2.jar;D:\selenium\userlib\org\seleniumhq\selenium\selenium-support\2.48.2\selenium-support-2.48.2.jar;D:\selenium\userlib\org\webbitserver\webbit\0.4.14\webbit-0.4.14.jar;D:\selenium\userlib\io\netty\netty\3.5.2.Final\netty-3.5.2.Final.jar;D:\selenium\userlib\org\seleniumhq\selenium\selenium-leg-rc\2.48.2\selenium-leg-rc-2.48.2.jar;D:\selenium\userlib\org\testng\testng\6.9.10\testng-6.9.10.jar;D:\selenium\userlib\com\beust\jcommander\1.48\jcommander-1.48.jar;D:\selenium\userlib\org\beanshell\bsh\2.0b4\bsh-2.0b4.jar;D:\selenium\userlib\log4j\log4j\1.2.16\log4j-1.2.16.jar;"/>
    <property name="java.specification.name" value="Java Platform API Specification"/>
    <property name="java.class.version" value="52.0"/>
    <property name="sun.management.compiler" value="HotSpot 64-Bit Tiered Compilers"/>
    <property name="os.version" value="10.0"/>
    <property name="user.home" value="C:\Users\suas"/>
    <property name="user.timezone" value="Asia/Shanghai"/>
    <property name="java.awt.printerjob" value="sun.awt.windows.WPrinterJob"/>
    <property name="java.specification.version" value="1.8"/>
    <property name="file.encoding" value="GBK"/>
    <property name="user.name" value="suas"/>
    <property name="java.class.path" value="D:\T0502\target\test-classes;D:\T0502\target\classes;D:\selenium\userlib\org\seleniumhq\selenium\selenium-java\2.48.2\selenium-java-2.48.2.jar;D:\selenium\userlib\org\seleniumhq\selenium\selenium-chrome-driver\2.48.2\selenium-chrome-driver-2.48.2.jar;D:\selenium\userlib\org\seleniumhq\selenium\selenium-remote-driver\2.48.2\selenium-remote-driver-2.48.2.jar;D:\selenium\userlib\cglib\cglib-nodep\2.1_3\cglib-nodep-2.1_3.jar;D:\selenium\userlib\com\google\code\gson\gson\2.3.1\gson-2.3.1.jar;D:\selenium\userlib\org\seleniumhq\selenium\selenium-api\2.48.2\selenium-api-2.48.2.jar;D:\selenium\userlib\com\google\guava\guava\18.0\guava-18.0.jar;D:\selenium\userlib\org\seleniumhq\selenium\selenium-edge-driver\2.48.2\selenium-edge-driver-2.48.2.jar;D:\selenium\userlib\commons-io\commons-io\2.4\commons-io-2.4.jar;D:\selenium\userlib\org\apache\commons\commons-exec\1.3\commons-exec-1.3.jar;D:\selenium\userlib\org\seleniumhq\selenium\selenium-htmlunit-driver\2.48.2\selenium-htmlunit-driver-2.48.2.jar;D:\selenium\userlib\net\sourceforge\htmlunit\htmlunit\2.18\htmlunit-2.18.jar;D:\selenium\userlib\xalan\xalan\2.7.2\xalan-2.7.2.jar;D:\selenium\userlib\xalan\serializer\2.7.2\serializer-2.7.2.jar;D:\selenium\userlib\commons-collections\commons-collections\3.2.1\commons-collections-3.2.1.jar;D:\selenium\userlib\org\apache\commons\commons-lang3\3.4\commons-lang3-3.4.jar;D:\selenium\userlib\org\apache\httpcomponents\httpmime\4.5\httpmime-4.5.jar;D:\selenium\userlib\commons-codec\commons-codec\1.10\commons-codec-1.10.jar;D:\selenium\userlib\net\sourceforge\htmlunit\htmlunit-core-js\2.17\htmlunit-core-js-2.17.jar;D:\selenium\userlib\xerces\xercesImpl\2.11.0\xercesImpl-2.11.0.jar;D:\selenium\userlib\xml-apis\xml-apis\1.4.01\xml-apis-1.4.01.jar;D:\selenium\userlib\net\sourceforge\nekohtml\nekohtml\1.9.22\nekohtml-1.9.22.jar;D:\selenium\userlib\net\sourceforge\cssparser\cssparser\0.9.16\cssparser-0.9.16.jar;D:\selenium\userlib\org\w3c\css\sac\1.3\sac-1.3.jar;D:\selenium\userlib\commons-logging\commons-logging\1.2\commons-logging-1.2.jar;D:\selenium\userlib\org\eclipse\jetty\websocket\websocket-client\9.2.12.v20150709\websocket-client-9.2.12.v20150709.jar;D:\selenium\userlib\org\eclipse\jetty\jetty-util\9.2.12.v20150709\jetty-util-9.2.12.v20150709.jar;D:\selenium\userlib\org\eclipse\jetty\jetty-io\9.2.12.v20150709\jetty-io-9.2.12.v20150709.jar;D:\selenium\userlib\org\eclipse\jetty\websocket\websocket-common\9.2.12.v20150709\websocket-common-9.2.12.v20150709.jar;D:\selenium\userlib\org\eclipse\jetty\websocket\websocket-api\9.2.12.v20150709\websocket-api-9.2.12.v20150709.jar;D:\selenium\userlib\org\apache\httpcomponents\httpclient\4.5.1\httpclient-4.5.1.jar;D:\selenium\userlib\org\apache\httpcomponents\httpcore\4.4.3\httpcore-4.4.3.jar;D:\selenium\userlib\org\seleniumhq\selenium\selenium-firefox-driver\2.48.2\selenium-firefox-driver-2.48.2.jar;D:\selenium\userlib\org\seleniumhq\selenium\selenium-ie-driver\2.48.2\selenium-ie-driver-2.48.2.jar;D:\selenium\userlib\net\java\dev\jna\jna\4.1.0\jna-4.1.0.jar;D:\selenium\userlib\net\java\dev\jna\jna-platform\4.1.0\jna-platform-4.1.0.jar;D:\selenium\userlib\org\seleniumhq\selenium\selenium-safari-driver\2.48.2\selenium-safari-driver-2.48.2.jar;D:\selenium\userlib\org\seleniumhq\selenium\selenium-support\2.48.2\selenium-support-2.48.2.jar;D:\selenium\userlib\org\webbitserver\webbit\0.4.14\webbit-0.4.14.jar;D:\selenium\userlib\io\netty\netty\3.5.2.Final\netty-3.5.2.Final.jar;D:\selenium\userlib\org\seleniumhq\selenium\selenium-leg-rc\2.48.2\selenium-leg-rc-2.48.2.jar;D:\selenium\userlib\org\testng\testng\6.9.10\testng-6.9.10.jar;D:\selenium\userlib\com\beust\jcommander\1.48\jcommander-1.48.jar;D:\selenium\userlib\org\beanshell\bsh\2.0b4\bsh-2.0b4.jar;D:\selenium\userlib\log4j\log4j\1.2.16\log4j-1.2.16.jar;"/>
    <property name="java.vm.specification.version" value="1.8"/>
    <property name="sun.arch.data.model" value="64"/>
    <property name="java.home" value="C:\Program Files\Java\jdk1.8.0_161\jre"/>
    <property name="sun.java.command" value="C:\Users\suas\AppData\Local\Temp\surefirebooter8701589812007539089.jar C:\Users\suas\AppData\Local\Temp\surefire3780915305532542453tmp C:\Users\suas\AppData\Local\Temp\surefire6617982873379724419tmp"/>
    <property name="java.specification.vendor" value="Oracle Corporation"/>
    <property name="user.language" value="zh"/>
    <property name="awt.toolkit" value="sun.awt.windows.WToolkit"/>
    <property name="java.vm.info" value="mixed mode"/>
    <property name="java.version" value="1.8.0_161"/>
    <property name="java.ext.dirs" value="C:\Program Files\Java\jdk1.8.0_161\jre\lib\ext;C:\WINDOWS\Sun\Java\lib\ext"/>
    <property name="sun.boot.class.path" value="C:\Program Files\Java\jdk1.8.0_161\jre\lib\resources.jar;C:\Program Files\Java\jdk1.8.0_161\jre\lib\rt.jar;C:\Program Files\Java\jdk1.8.0_161\jre\lib\sunrsasign.jar;C:\Program Files\Java\jdk1.8.0_161\jre\lib\jsse.jar;C:\Program Files\Java\jdk1.8.0_161\jre\lib\jce.jar;C:\Program Files\Java\jdk1.8.0_161\jre\lib\charsets.jar;C:\Program Files\Java\jdk1.8.0_161\jre\lib\jfr.jar;C:\Program Files\Java\jdk1.8.0_161\jre\classes"/>
    <property name="java.vendor" value="Oracle Corporation"/>
    <property name="localRepository" value="D:\selenium\userlib"/>
    <property name="file.separator" value="\"/>
    <property name="java.vendor.url.bug" value="http://bugreport.sun.com/bugreport/"/>
    <property name="sun.cpu.endian" value="little"/>
    <property name="sun.io.unicode.encoding" value="UnicodeLittle"/>
    <property name="sun.desktop" value="windows"/>
    <property name="sun.cpu.isalist" value="amd64"/>
  </properties>
  <testcase classname="TriangleTest" name="testGetType" time="0.01"/>
  <testcase classname="TriangleTest" name="testGetType1" time="0"/>
  <testcase classname="TriangleTest" name="testGetType2" time="0"/>
  <testcase classname="TriangleTest" name="testGetType3" time="0"/>
  <testcase classname="TriangleTest" name="testGetType4" time="0"/>
</testsuite>