<?xml version="1.0" encoding="UTF-8"?>
<!-- Generated by org.testng.reporters.JUnitReportReporter -->
<testsuite hostname="asus" name="TriangleTest" tests="5" failures="0" timestamp="2 May 2018 14:52:13 GMT" time="0.009" errors="0">
  <testcase name="testGetType4" time="0.000" classname="TriangleTest"/>
  <testcase name="testGetType" time="0.008" classname="TriangleTest"/>
  <testcase name="testGetType3" time="0.001" classname="TriangleTest"/>
  <testcase name="testGetType1" time="0.000" classname="TriangleTest"/>
  <testcase name="testGetType2" time="0.000" classname="TriangleTest"/>
</testsuite> <!-- TriangleTest -->
