<?xml version="1.0" encoding="UTF-8"?>
<!-- Generated by org.testng.reporters.JUnitReportReporter -->
<testsuite hostname="asus" name="TestCrossBrowserTest" tests="1" failures="0" timestamp="2 May 2018 10:06:30 GMT" time="13.750" errors="0">
  <testcase name="startBrowser" time="13.750" classname="TestCrossBrowserTest"/>
</testsuite> <!-- TestCrossBrowserTest -->
