<?xml version="1.0" encoding="UTF-8"?>
<!-- Generated by org.testng.reporters.JUnitReportReporter -->
<testsuite hostname="asus" name="AbsTest" tests="3" failures="0" timestamp="2 May 2018 08:13:22 GMT" time="0.005" errors="0">
  <testcase name="testAbs2" time="0.000" classname="AbsTest"/>
  <testcase name="testAbs" time="0.003" classname="AbsTest"/>
  <testcase name="testAbs1" time="0.002" classname="AbsTest"/>
</testsuite> <!-- AbsTest -->
