<?xml version="1.0" encoding="UTF-8"?>
<!-- Generated by org.testng.reporters.JUnitReportReporter -->
<testsuite skipped="0" hostname="asus" name="testcase.Test1" tests="1" failures="0" timestamp="31 五月 2018 04:03:55 GMT" time="0.002" errors="0">
  <testcase name="ywj" time="0.002" classname="testcase.Test1"/>
</testsuite> <!-- testcase.Test1 -->
