<?xml version="1.0" encoding="UTF-8"?>
<!-- Generated by org.testng.reporters.JUnitReportReporter -->
<testsuite skipped="0" hostname="asus" name="testcase.Test1" tests="1" failures="0" timestamp="31 五月 2018 03:28:53 GMT" time="0.005" errors="0">
  <testcase name="ywj" time="0.005" classname="testcase.Test1"/>
</testsuite> <!-- testcase.Test1 -->
